<?xml version="1.0" encoding="UTF-8"?>
<!-- Generated by org.testng.reporters.JUnitXMLReporter -->
<testsuite hostname="Srbsts-World" ignored="0" name="Test" tests="4" failures="0" timestamp="2019-11-21T14:24:30 CST" time="48.602" errors="0">
  <testcase name="basePageNavigation" time="0.062" classname="Academy.validateNavigationBar"/>
  <testcase name="basePageNavigation" time="5.422" classname="Academy.HomePage"/>
  <testcase name="basePageNavigation" time="6.477" classname="Academy.HomePage"/>
  <testcase name="basePageNavigation" time="0.03" classname="Academy.validateTitle"/>
</testsuite> <!-- Test -->
