<?xml version="1.0" encoding="UTF-8"?>
<!-- Generated by org.testng.reporters.JUnitXMLReporter -->
<testsuite hostname="Srbsts-World" ignored="0" name="Validating title in the Page" tests="1" failures="1" timestamp="2019-11-21T19:44:16 CST" time="10.206" errors="0">
  <testcase name="basePageNavigation" time="0.032" classname="Academy.validateTitle">
    <failure type="java.lang.AssertionError" message="expected [FEATURED COURSES1234] but found [FEATURED COURSES]">
      <![CDATA[java.lang.AssertionError: expected [FEATURED COURSES1234] but found [FEATURED COURSES]
at Academy.validateTitle.basePageNavigation(validateTitle.java:37)
at java.util.ArrayList.forEach(Unknown Source)
... Removed 32 stack frames]]>
    </failure>
  </testcase> <!-- basePageNavigation -->
</testsuite> <!-- Validating title in the Page -->
