<?xml version="1.0" encoding="UTF-8"?>
<!-- Generated by org.testng.reporters.JUnitXMLReporter -->
<testsuite hostname="Srbsts-World" ignored="0" name="Test" tests="4" failures="0" timestamp="2019-11-21T14:15:15 CST" time="45.696" errors="0">
  <testcase name="basePageNavigation" time="0.066" classname="Academy.validateNavigationBar"/>
  <testcase name="basePageNavigation" time="5.013" classname="Academy.HomePage"/>
  <testcase name="basePageNavigation" time="3.864" classname="Academy.HomePage"/>
  <testcase name="basePageNavigation" time="0.034" classname="Academy.validateTitle"/>
</testsuite> <!-- Test -->
