<?xml version="1.0" encoding="UTF-8"?>
<testng-results skipped="0" failed="0" ignored="0" total="4" passed="4">
  <reporter-output>
  </reporter-output>
  <suite name="Suite" duration-ms="45696" started-at="2019-11-21T14:14:30 CST" finished-at="2019-11-21T14:15:15 CST">
    <groups>
    </groups>
    <test name="Test" duration-ms="45696" started-at="2019-11-21T14:14:30 CST" finished-at="2019-11-21T14:15:15 CST">
      <class name="Academy.validateTitle">
        <test-method status="PASS" signature="initialize()[pri:0, instance:Academy.validateTitle@30ee2816]" name="initialize" is-config="true" duration-ms="8993" started-at="2019-11-21T14:14:49 CST" finished-at="2019-11-21T14:14:58 CST">
          <reporter-output>
          </reporter-output>
        </test-method> <!-- initialize -->
        <test-method status="PASS" signature="basePageNavigation()[pri:0, instance:Academy.validateTitle@30ee2816]" name="basePageNavigation" duration-ms="34" started-at="2019-11-21T14:15:07 CST" finished-at="2019-11-21T14:15:07 CST">
          <reporter-output>
          </reporter-output>
        </test-method> <!-- basePageNavigation -->
        <test-method status="PASS" signature="teardown()[pri:0, instance:Academy.validateTitle@30ee2816]" name="teardown" is-config="true" duration-ms="4084" started-at="2019-11-21T14:15:11 CST" finished-at="2019-11-21T14:15:15 CST">
          <reporter-output>
          </reporter-output>
        </test-method> <!-- teardown -->
      </class> <!-- Academy.validateTitle -->
      <class name="Academy.HomePage">
        <test-method status="PASS" signature="initialize()[pri:0, instance:Academy.HomePage@c267ef4]" name="initialize" is-config="true" duration-ms="9360" started-at="2019-11-21T14:14:30 CST" finished-at="2019-11-21T14:14:39 CST">
          <reporter-output>
          </reporter-output>
        </test-method> <!-- initialize -->
        <test-method status="PASS" signature="basePageNavigation(java.lang.String, java.lang.String, java.lang.String)[pri:0, instance:Academy.HomePage@c267ef4]" name="basePageNavigation" duration-ms="5013" started-at="2019-11-21T14:14:58 CST" data-provider="getData" finished-at="2019-11-21T14:15:03 CST">
          <params>
            <param index="0">
              <value>
                <![CDATA[nonrestricteduser@qw.com]]>
              </value>
            </param>
            <param index="1">
              <value>
                <![CDATA[21345]]>
              </value>
            </param>
            <param index="2">
              <value>
                <![CDATA[Restricted User]]>
              </value>
            </param>
          </params>
          <reporter-output>
          </reporter-output>
        </test-method> <!-- basePageNavigation -->
        <test-method status="PASS" signature="basePageNavigation(java.lang.String, java.lang.String, java.lang.String)[pri:0, instance:Academy.HomePage@c267ef4]" name="basePageNavigation" duration-ms="3864" started-at="2019-11-21T14:15:03 CST" data-provider="getData" finished-at="2019-11-21T14:15:07 CST">
          <params>
            <param index="0">
              <value>
                <![CDATA[restricteduser@qw.com]]>
              </value>
            </param>
            <param index="1">
              <value>
                <![CDATA[78910]]>
              </value>
            </param>
            <param index="2">
              <value>
                <![CDATA[NON Restricted User]]>
              </value>
            </param>
          </params>
          <reporter-output>
          </reporter-output>
        </test-method> <!-- basePageNavigation -->
        <test-method status="PASS" signature="teardown()[pri:0, instance:Academy.HomePage@c267ef4]" name="teardown" is-config="true" duration-ms="71" started-at="2019-11-21T14:15:07 CST" finished-at="2019-11-21T14:15:07 CST">
          <reporter-output>
          </reporter-output>
        </test-method> <!-- teardown -->
      </class> <!-- Academy.HomePage -->
      <class name="Academy.validateNavigationBar">
        <test-method status="PASS" signature="initialize()[pri:0, instance:Academy.validateNavigationBar@21de60b4]" name="initialize" is-config="true" duration-ms="9986" started-at="2019-11-21T14:14:39 CST" finished-at="2019-11-21T14:14:49 CST">
          <reporter-output>
          </reporter-output>
        </test-method> <!-- initialize -->
        <test-method status="PASS" signature="basePageNavigation()[pri:0, instance:Academy.validateNavigationBar@21de60b4]" name="basePageNavigation" duration-ms="66" started-at="2019-11-21T14:14:58 CST" finished-at="2019-11-21T14:14:58 CST">
          <reporter-output>
          </reporter-output>
        </test-method> <!-- basePageNavigation -->
        <test-method status="PASS" signature="teardown()[pri:0, instance:Academy.validateNavigationBar@21de60b4]" name="teardown" is-config="true" duration-ms="4142" started-at="2019-11-21T14:15:07 CST" finished-at="2019-11-21T14:15:11 CST">
          <reporter-output>
          </reporter-output>
        </test-method> <!-- teardown -->
      </class> <!-- Academy.validateNavigationBar -->
    </test> <!-- Test -->
  </suite> <!-- Suite -->
</testng-results>
